<?xml version="1.0" encoding="UTF-8"?>
<testsuite xmlns:xsi="http://www.w3.org/2001/XMLSchema-instance" xsi:noNamespaceSchemaLocation="https://maven.apache.org/surefire/maven-surefire-plugin/xsd/surefire-test-report.xsd" name="edu.upvictoria.fpoo.AppTest" time="0.031" tests="1" errors="0" skipped="0" failures="0">
  <properties>
    <property name="java.specification.version" value="17"/>
    <property name="sun.jnu.encoding" value="UTF-8"/>
    <property name="java.class.path" value="/home/yisuscena/Escritorio/Carpetas/librerias/archivo/target/test-classes:/home/yisuscena/Escritorio/Carpetas/librerias/archivo/target/classes:/home/yisuscena/.m2/repository/junit/junit/4.11/junit-4.11.jar:/home/yisuscena/.m2/repository/org/hamcrest/hamcrest-core/1.3/hamcrest-core-1.3.jar:"/>
    <property name="java.vm.vendor" value="Eclipse Adoptium"/>
    <property name="sun.arch.data.model" value="64"/>
    <property name="java.vendor.url" value="https://adoptium.net/"/>
    <property name="os.name" value="Linux"/>
    <property name="java.vm.specification.version" value="17"/>
    <property name="sun.java.launcher" value="SUN_STANDARD"/>
    <property name="user.country" value="MX"/>
    <property name="sun.boot.library.path" value="/home/yisuscena/JDKs/jdk-17.0.10+7/lib"/>
    <property name="sun.java.command" value="/home/yisuscena/Escritorio/Carpetas/librerias/archivo/target/surefire/surefirebooter12059002726987236770.jar /home/yisuscena/Escritorio/Carpetas/librerias/archivo/target/surefire 2024-08-22T03-12-30_756-jvmRun1 surefire9739763849352489537tmp surefire_08438931787719847289tmp"/>
    <property name="jdk.debug" value="release"/>
    <property name="surefire.test.class.path" value="/home/yisuscena/Escritorio/Carpetas/librerias/archivo/target/test-classes:/home/yisuscena/Escritorio/Carpetas/librerias/archivo/target/classes:/home/yisuscena/.m2/repository/junit/junit/4.11/junit-4.11.jar:/home/yisuscena/.m2/repository/org/hamcrest/hamcrest-core/1.3/hamcrest-core-1.3.jar:"/>
    <property name="sun.cpu.endian" value="little"/>
    <property name="user.home" value="/home/yisuscena"/>
    <property name="user.language" value="es"/>
    <property name="java.specification.vendor" value="Oracle Corporation"/>
    <property name="java.version.date" value="2024-01-16"/>
    <property name="java.home" value="/home/yisuscena/JDKs/jdk-17.0.10+7"/>
    <property name="file.separator" value="/"/>
    <property name="basedir" value="/home/yisuscena/Escritorio/Carpetas/librerias/archivo"/>
    <property name="java.vm.compressedOopsMode" value="Zero based"/>
    <property name="line.separator" value="&#10;"/>
    <property name="java.vm.specification.vendor" value="Oracle Corporation"/>
    <property name="java.specification.name" value="Java Platform API Specification"/>
    <property name="surefire.real.class.path" value="/home/yisuscena/Escritorio/Carpetas/librerias/archivo/target/surefire/surefirebooter12059002726987236770.jar"/>
    <property name="sun.management.compiler" value="HotSpot 64-Bit Tiered Compilers"/>
    <property name="java.runtime.version" value="17.0.10+7"/>
    <property name="user.name" value="yisuscena"/>
    <property name="path.separator" value=":"/>
    <property name="os.version" value="6.9.12-1-MANJARO"/>
    <property name="java.runtime.name" value="OpenJDK Runtime Environment"/>
    <property name="file.encoding" value="UTF-8"/>
    <property name="java.vm.name" value="OpenJDK 64-Bit Server VM"/>
    <property name="java.vendor.version" value="Temurin-17.0.10+7"/>
    <property name="localRepository" value="/home/yisuscena/.m2/repository"/>
    <property name="java.vendor.url.bug" value="https://github.com/adoptium/adoptium-support/issues"/>
    <property name="java.io.tmpdir" value="/tmp"/>
    <property name="java.version" value="17.0.10"/>
    <property name="user.dir" value="/home/yisuscena/Escritorio/Carpetas/librerias/archivo"/>
    <property name="os.arch" value="amd64"/>
    <property name="java.vm.specification.name" value="Java Virtual Machine Specification"/>
    <property name="native.encoding" value="UTF-8"/>
    <property name="java.library.path" value="/usr/java/packages/lib:/usr/lib64:/lib64:/lib:/usr/lib"/>
    <property name="java.vm.info" value="mixed mode, sharing"/>
    <property name="java.vendor" value="Eclipse Adoptium"/>
    <property name="java.vm.version" value="17.0.10+7"/>
    <property name="sun.io.unicode.encoding" value="UnicodeLittle"/>
    <property name="java.class.version" value="61.0"/>
  </properties>
  <testcase name="shouldAnswerWithTrue" classname="edu.upvictoria.fpoo.AppTest" time="0.001"/>
</testsuite>